"../../../Testingground/Content/Maps/Minimal_Default.uasset" 0
"../../../Testingground/Content/Maps/Minimal_Default_BuiltData.uasset" 1
"../../../Testingground/Content/Maps/MotionControllerMap_BuiltData_2.uasset" 2
"../../../Testingground/Content/Decrementor.uasset" 3
"../../../Testingground/Content/FadeIn.uasset" 4
"../../../Testingground/Content/FadeOut.uasset" 5
"../../../Testingground/Content/AnimStarterPack/UE4_Mannequin/Mesh/UE4_Mannequin_Skeleton.uasset" 6
"../../../Testingground/Content/sitta.uasset" 7
"../../../Testingground/Content/StarterContent/Textures/T_Chair_M.uasset" 8
"../../../Testingground/Content/StarterContent/Textures/T_Chair_N.uasset" 9
"../../../Testingground/Content/StarterContent/Props/Materials/M_Chair.uasset" 10
"../../../Testingground/Content/StaticMesh1.uasset" 11
"../../../Testingground/Content/VirtualRealityBP/Blueprints/PickupActorInterface.uasset" 12
"../../../Testingground/Content/StarterContent/Textures/T_MacroVariation.uasset" 13
"../../../Testingground/Content/StarterContent/Textures/T_Wood_Walnut_D.uasset" 14
"../../../Testingground/Content/StarterContent/Textures/T_Wood_Walnut_N.uasset" 15
"../../../Testingground/Content/StarterContent/Materials/M_Wood_Walnut.uasset" 16
"../../../Engine/Content/Functions/Engine_MaterialFunctions01/Opacity/CameraDepthFade.uasset" 17
"../../../Engine/Content/EngineMaterials/T_Default_Material_Grid_M.uasset" 18
"../../../Engine/Content/EngineMaterials/T_Default_Material_Grid_N.uasset" 19
"../../../Engine/Content/EngineMaterials/WorldGridMaterial.uasset" 20
"../../../Engine/Content/BasicShapes/Cube.uasset" 21
"../../../Testingground/Content/tablegrip.uasset" 22
"../../../Testingground/Content/AnimStarterPack/Aim_Space_Hip.uasset" 23
"../../../Testingground/Content/AnimStarterPack/Aim_Space_Ironsights.uasset" 24
"../../../Testingground/Content/AnimStarterPack/Crouch_to_Stand_Rifle_Hip.uasset" 25
"../../../Testingground/Content/AnimStarterPack/Crouch_to_Stand_Rifle_Ironsights.uasset" 26
"../../../Testingground/Content/AnimStarterPack/Crouch_Walk_Bwd_Rifle_Ironsights.uasset" 27
"../../../Testingground/Content/AnimStarterPack/Crouch_Walk_Lt_Rifle_Ironsights.uasset" 28
"../../../Testingground/Content/AnimStarterPack/Crouch_Walk_Rt_Rifle_Ironsights.uasset" 29
"../../../Testingground/Content/AnimStarterPack/Death_1.uasset" 30
"../../../Testingground/Content/AnimStarterPack/Death_2.uasset" 31
"../../../Testingground/Content/AnimStarterPack/Death_3.uasset" 32
"../../../Testingground/Content/AnimStarterPack/Death_Ironsights_1.uasset" 33
"../../../Testingground/Content/AnimStarterPack/Death_Ironsights_2.uasset" 34
"../../../Testingground/Content/AnimStarterPack/Equip_Rifle_Standing.uasset" 35
"../../../Testingground/Content/AnimStarterPack/Fire_Rifle_Hip.uasset" 36
"../../../Testingground/Content/AnimStarterPack/Fire_Shotgun_Hip.uasset" 37
"../../../Testingground/Content/AnimStarterPack/Fire_Shotgun_Ironsights.uasset" 38
"../../../Testingground/Content/AnimStarterPack/Hit_React_4.uasset" 39
"../../../Testingground/Content/AnimStarterPack/Idle_Pistol.uasset" 40
"../../../Testingground/Content/AnimStarterPack/Idle_Rifle_Ironsights.uasset" 41
"../../../Testingground/Content/AnimStarterPack/Jump_From_Stand_Ironsights.uasset" 42
"../../../Testingground/Content/AnimStarterPack/Prone_Death_1.uasset" 43
"../../../Testingground/Content/AnimStarterPack/Prone_Death_2.uasset" 44
"../../../Testingground/Content/AnimStarterPack/Prone_Fire_1.uasset" 45
"../../../Testingground/Content/AnimStarterPack/Prone_Fire_2.uasset" 46
"../../../Testingground/Content/AnimStarterPack/Prone_Idle.uasset" 47
"../../../Testingground/Content/AnimStarterPack/Prone_Reload_Rifle.uasset" 48
"../../../Testingground/Content/AnimStarterPack/Prone_Reload_Shotgun.uasset" 49
"../../../Testingground/Content/AnimStarterPack/Prone_To_Stand.uasset" 50
"../../../Testingground/Content/AnimStarterPack/Reload_Pistol.uasset" 51
"../../../Testingground/Content/AnimStarterPack/Reload_Rifle_Ironsights.uasset" 52
"../../../Testingground/Content/AnimStarterPack/Reload_Shotgun_Hip.uasset" 53
"../../../Testingground/Content/AnimStarterPack/Reload_Shotgun_Ironsights.uasset" 54
"../../../Testingground/Content/AnimStarterPack/Sprint_Fwd_Rifle.uasset" 55
"../../../Testingground/Content/AnimStarterPack/Stand_to_Crouch_Rifle_Hip.uasset" 56
"../../../Testingground/Content/AnimStarterPack/Stand_to_Crouch_Rifle_Ironsights.uasset" 57
"../../../Testingground/Content/AnimStarterPack/Stand_To_Prone.uasset" 58
"../../../Testingground/Content/AnimStarterPack/Walk_Bwd_Rifle_Ironsights.uasset" 59
"../../../Testingground/Content/AnimStarterPack/Walk_Lt_Rifle_Ironsights.uasset" 60
"../../../Testingground/Content/AnimStarterPack/Walk_Rt_Rifle_Ironsights.uasset" 61
"../../../Engine/Content/Functions/Engine_MaterialFunctions02/Utility/BlendAngleCorrectedNormals.uasset" 62
"../../../Engine/Content/Functions/MaterialLayerFunctions/MatLayerBlend_AO.uasset" 63
"../../../Engine/Content/Functions/MaterialLayerFunctions/MatLayerBlend_NormalBlend.uasset" 64
"../../../Engine/Content/Functions/MaterialLayerFunctions/MatLayerBlend_Simple.uasset" 65
"../../../Testingground/Content/AnimStarterPack/UE4_Mannequin/Materials/MaterialLayers/T_ML_Rubber_Blue_01_D.uasset" 66
"../../../Testingground/Content/AnimStarterPack/UE4_Mannequin/Materials/MaterialLayers/T_ML_Rubber_Blue_01_N.uasset" 67
"../../../Testingground/Content/AnimStarterPack/UE4_Mannequin/Materials/MaterialLayers/ML_GlossyBlack_Latex_UE4.uasset" 68
"../../../Testingground/Content/AnimStarterPack/UE4_Mannequin/Materials/MaterialLayers/ML_Plastic_Shiny_Beige.uasset" 69
"../../../Testingground/Content/AnimStarterPack/UE4_Mannequin/Textures/UE4_LOGO_CARD.uasset" 70
"../../../Testingground/Content/AnimStarterPack/UE4_Mannequin/Materials/MaterialLayers/ML_Plastic_Shiny_Beige_LOGO.uasset" 71
"../../../Testingground/Content/AnimStarterPack/UE4_Mannequin/Materials/MaterialLayers/T_ML_Aluminum01.uasset" 72
"../../../Testingground/Content/AnimStarterPack/UE4_Mannequin/Materials/MaterialLayers/T_ML_Aluminum01_N.uasset" 73
"../../../Testingground/Content/AnimStarterPack/UE4_Mannequin/Materials/MaterialLayers/ML_SoftMetal_UE4.uasset" 74
"../../../Testingground/Content/AnimStarterPack/UE4_Mannequin/Textures/UE4_Mannequin__normals.uasset" 75
"../../../Testingground/Content/AnimStarterPack/UE4_Mannequin/Textures/UE4_Mannequin_MAT_MASKA.uasset" 76
"../../../Testingground/Content/AnimStarterPack/UE4_Mannequin/Textures/UE4_Mannequin_occlusion_Mobile.uasset" 77
"../../../Testingground/Content/AnimStarterPack/UE4_Mannequin/Materials/M_UE4Man_Body.uasset" 78
"../../../Testingground/Content/AnimStarterPack/UE4_Mannequin/Textures/UE4Man_Logo_N.uasset" 79
"../../../Testingground/Content/AnimStarterPack/UE4_Mannequin/Materials/M_UE4Man_ChestLogo.uasset" 80
"../../../Testingground/Content/AnimStarterPack/UE4_Mannequin/Mesh/SK_Mannequin_PhysicsAsset.uasset" 81
"../../../Testingground/Content/AnimStarterPack/UE4_Mannequin/Mesh/SK_Mannequin_2.uasset" 82
"../../../Testingground/Content/AnimStarterPack/UE4_Mannequin/Mesh/SM_Chair.uasset" 83
"../../../Testingground/Content/Content/Decrementor.uasset" 84
"../../../Testingground/Content/Content/Lantern/PROJECT/scenes/Puzzle/lambert2SG.uasset" 85
"../../../Testingground/Content/Content/Lantern/PROJECT/scenes/Puzzle/lambert3SG.uasset" 86
"../../../Testingground/Content/Content/Lantern/PROJECT/scenes/Puzzle/Puzzle_0_Puzzle_Puzzle.uasset" 87
"../../../Testingground/Content/Content/Lantern/PROJECT/scenes/Puzzle/lambert3SG_ncl1_1.uasset" 88
"../../../Testingground/Content/Content/Lantern/PROJECT/scenes/Puzzle/Puzzle_0_Puzzle_Puzzle1.uasset" 89
"../../../Testingground/Content/Content/Lantern/PROJECT/scenes/Puzzle/lambert3SG_ncl1_2.uasset" 90
"../../../Testingground/Content/Content/Lantern/PROJECT/scenes/Puzzle/Puzzle_0_Puzzle_Puzzle10.uasset" 91
"../../../Testingground/Content/Content/Lantern/PROJECT/scenes/Puzzle/lambert3SG_ncl1_3.uasset" 92
"../../../Testingground/Content/Content/Lantern/PROJECT/scenes/Puzzle/Puzzle_0_Puzzle_Puzzle11.uasset" 93
"../../../Testingground/Content/Content/Lantern/PROJECT/scenes/Puzzle/lambert3SG_ncl1_4.uasset" 94
"../../../Testingground/Content/Content/Lantern/PROJECT/scenes/Puzzle/Puzzle_0_Puzzle_Puzzle12.uasset" 95
"../../../Testingground/Content/Content/Lantern/PROJECT/scenes/Puzzle/lambert3SG_ncl1_5.uasset" 96
"../../../Testingground/Content/Content/Lantern/PROJECT/scenes/Puzzle/Puzzle_0_Puzzle_Puzzle13.uasset" 97
"../../../Testingground/Content/Content/Lantern/PROJECT/scenes/Puzzle/lambert3SG_ncl1_6.uasset" 98
"../../../Testingground/Content/Content/Lantern/PROJECT/scenes/Puzzle/Puzzle_0_Puzzle_Puzzle14.uasset" 99
"../../../Testingground/Content/Content/Lantern/PROJECT/scenes/Puzzle/lambert3SG_ncl1_7.uasset" 100
"../../../Testingground/Content/Content/Lantern/PROJECT/scenes/Puzzle/Puzzle_0_Puzzle_Puzzle15.uasset" 101
"../../../Testingground/Content/Content/Lantern/PROJECT/scenes/Puzzle/lambert3SG_ncl1_8.uasset" 102
"../../../Testingground/Content/Content/Lantern/PROJECT/scenes/Puzzle/Puzzle_0_Puzzle_Puzzle2.uasset" 103
"../../../Testingground/Content/Content/Lantern/PROJECT/scenes/Puzzle/lambert3SG_ncl1_9.uasset" 104
"../../../Testingground/Content/Content/Lantern/PROJECT/scenes/Puzzle/Puzzle_0_Puzzle_Puzzle3.uasset" 105
"../../../Testingground/Content/Content/Lantern/PROJECT/scenes/Puzzle/lambert3SG_ncl1_10.uasset" 106
"../../../Testingground/Content/Content/Lantern/PROJECT/scenes/Puzzle/Puzzle_0_Puzzle_Puzzle4.uasset" 107
"../../../Testingground/Content/Content/Lantern/PROJECT/scenes/Puzzle/lambert3SG_ncl1_11.uasset" 108
"../../../Testingground/Content/Content/Lantern/PROJECT/scenes/Puzzle/Puzzle_0_Puzzle_Puzzle5.uasset" 109
"../../../Testingground/Content/Content/Lantern/PROJECT/scenes/Puzzle/lambert3SG_ncl1_12.uasset" 110
"../../../Testingground/Content/Content/Lantern/PROJECT/scenes/Puzzle/Puzzle_0_Puzzle_Puzzle6.uasset" 111
"../../../Testingground/Content/Content/Lantern/PROJECT/scenes/Puzzle/lambert3SG_ncl1_13.uasset" 112
"../../../Testingground/Content/Content/Lantern/PROJECT/scenes/Puzzle/Puzzle_0_Puzzle_Puzzle7.uasset" 113
"../../../Testingground/Content/Content/Lantern/PROJECT/scenes/Puzzle/lambert3SG_ncl1_14.uasset" 114
"../../../Testingground/Content/Content/Lantern/PROJECT/scenes/Puzzle/Puzzle_0_Puzzle_Puzzle8.uasset" 115
"../../../Testingground/Content/Content/Lantern/PROJECT/scenes/Puzzle/lambert3SG_ncl1_15.uasset" 116
"../../../Testingground/Content/Content/Lantern/PROJECT/scenes/Puzzle/Puzzle_0_Puzzle_Puzzle9.uasset" 117
"../../../Testingground/Content/Content/Lantern/PROJECT/scenes/Puzzle/Puzzle.uasset" 118
"../../../Testingground/Content/Content/Lantern/PROJECT/scenes/Puzzle/Puzzle_Mat.uasset" 119
"../../../Testingground/Content/Content/Lantern/PROJECT/sourceimages/BrandJPG.uasset" 120
"../../../Testingground/Content/Content/Lantern/PROJECT/sourceimages/BrandJPG_Mat.uasset" 121
"../../../Testingground/Content/Content/Lantern/PROJECT/sourceimages/Wood_Base.uasset" 122
"../../../Testingground/Content/Content/Lantern/textures/lantern_Metallic.uasset" 123
"../../../Testingground/Content/Content/Lantern/textures/LanternMetallic.uasset" 124
"../../../Testingground/Content/Content/Lantern/textures/lantern_Mixed_AO.uasset" 125
"../../../Testingground/Content/Content/Lantern/textures/lantern_Normal_OpenGL.uasset" 126
"../../../Testingground/Content/Content/Lantern/textures/Lantern_normalmap.uasset" 127
"../../../Testingground/Content/Content/Lantern/textures/lantern_Opacity.uasset" 128
"../../../Testingground/Content/Content/Lantern/textures/lantern_Roughness.uasset" 129
"../../../Testingground/Content/VirtualReality/Mannequin/Character/Textures/UE4_Mannequin__normals.uasset" 130
"../../../Testingground/Content/VirtualReality/Mannequin/Character/Textures/UE4_Mannequin_MAT_MASKA.uasset" 131
"../../../Testingground/Content/VirtualReality/Mannequin/Character/Materials/M_HandMat.uasset" 132
"../../../Testingground/Content/VirtualReality/Mannequin/Character/Mesh/MannequinHand_Right_PhysicsAsset.uasset" 133
"../../../Testingground/Content/VirtualReality/Mannequin/Character/Mesh/MannequinHand_Right_Skeleton.uasset" 134
"../../../Testingground/Content/VirtualReality/Mannequin/Character/Mesh/MannequinHand_Right.uasset" 135
"../../../Testingground/Content/Custom_VR/VR_Pawn.uasset" 136
"../../../Testingground/Content/Custom_VR/Vr_GameMode.uasset" 137
"../../../Testingground/Content/Geometry/Meshes/CubeMaterial.uasset" 138
"../../../Testingground/Content/Geometry/Meshes/1M_Cube_Chamfer.uasset" 139
"../../../Testingground/Content/Geometry/Meshes/TemplateFloor.uasset" 140
"../../../Testingground/Content/Meshes/StaticMesh.uasset" 141
"../../../Testingground/Content/StarterContent/Materials/M_Basic_Wall.uasset" 142
"../../../Testingground/Content/StarterContent/Architecture/Pillar_50x500.uasset" 143
"../../../Testingground/Content/StarterContent/Architecture/Wall_400x300.uasset" 144
"../../../Testingground/Content/StarterContent/Architecture/Wall_500x500.uasset" 145
"../../../Testingground/Content/StarterContent/Architecture/Wall_Door_400x400.uasset" 146
"../../../Testingground/Content/StarterContent/Architecture/Wall_Window_400x400.uasset" 147
"../../../Testingground/Content/StarterContent/Audio/Light01_Cue.uasset" 148
"../../../Testingground/Content/StarterContent/Audio/Light02_Cue.uasset" 149
"../../../Testingground/Content/StarterContent/Audio/Explosion_Cue.uasset" 150
"../../../Testingground/Content/StarterContent/Textures/T_Burst_M.uasset" 151
"../../../Testingground/Content/StarterContent/Particles/Materials/M_Burst.uasset" 152
"../../../Testingground/Content/StarterContent/Textures/T_Explosion_SubUV.uasset" 153
"../../../Testingground/Content/StarterContent/Particles/Materials/M_explosion_subUV.uasset" 154
"../../../Testingground/Content/StarterContent/Particles/Materials/m_flare_01.uasset" 155
"../../../Engine/Content/Functions/Engine_MaterialFunctions01/Gradient/RadialGradient.uasset" 156
"../../../Testingground/Content/StarterContent/Particles/Materials/M_radial_ramp.uasset" 157
"../../../Testingground/Content/StarterContent/Textures/T_Smoke_SubUV.uasset" 158
"../../../Testingground/Content/StarterContent/Textures/T_Smoke_Tiled_D.uasset" 159
"../../../Testingground/Content/StarterContent/Particles/Materials/M_smoke_subUV.uasset" 160
"../../../Testingground/Content/StarterContent/Particles/P_Explosion.uasset" 161
"../../../Testingground/Content/StarterContent/Blueprints/Blueprint_Effect_Explosion.uasset" 162
"../../../Testingground/Content/StarterContent/Maps/Advanced_Lighting_BuiltData.uasset" 163
"../../../Testingground/Content/StarterContent/Maps/Hubben.uasset" 164
"../../../Testingground/Content/StarterContent/Maps/Hubben_BuiltData.uasset" 165
"../../../Testingground/Content/StarterContent/Maps/Minimal_Default_BuiltData.uasset" 166
"../../../Testingground/Content/StarterContent/Maps/PuzzleArea_BuiltData.uasset" 167
"../../../Testingground/Content/StarterContent/Maps/StarterMap_BuiltData.uasset" 168
"../../../Engine/Content/EditorMeshes/ColorCalibrator/T_ColorGrid.uasset" 169
"../../../Testingground/Content/StarterContent/Materials/M_ColorGrid_LowSpec.uasset" 170
"../../../Testingground/Content/StarterContent/Textures/T_Bush_D.uasset" 171
"../../../Testingground/Content/StarterContent/Textures/T_Bush_N.uasset" 172
"../../../Testingground/Content/StarterContent/Props/Materials/M_Bush.uasset" 173
"../../../Testingground/Content/StarterContent/Props/SM_Bush.uasset" 174
"../../../Testingground/Content/StarterContent/Props/SM_Couch.uasset" 175
"../../../Testingground/Content/StarterContent/Materials/M_Glass.uasset" 176
"../../../Testingground/Content/StarterContent/Textures/T_Door_M.uasset" 177
"../../../Testingground/Content/StarterContent/Textures/T_Door_N.uasset" 178
"../../../Testingground/Content/StarterContent/Props/Materials/M_Door.uasset" 179
"../../../Testingground/Content/StarterContent/Props/SM_Door.uasset" 180
"../../../Testingground/Content/StarterContent/Props/Materials/M_MaterialSphere.uasset" 181
"../../../Testingground/Content/StarterContent/Props/Materials/M_MaterialSphere_Plain.uasset" 182
"../../../Testingground/Content/StarterContent/Props/SM_MatPreviewMesh_02.uasset" 183
"../../../Testingground/Content/StarterContent/Textures/T_Detail_Rocky_N.uasset" 184
"../../../Testingground/Content/StarterContent/Textures/T_Rock_Basalt_D.uasset" 185
"../../../Testingground/Content/StarterContent/Textures/T_RockMesh_M.uasset" 186
"../../../Testingground/Content/StarterContent/Textures/T_RockMesh_N.uasset" 187
"../../../Testingground/Content/StarterContent/Props/Materials/M_Rock.uasset" 188
"../../../Testingground/Content/StarterContent/Props/SM_Rock.uasset" 189
"../../../Testingground/Content/StarterContent/Textures/T_Shelf_M.uasset" 190
"../../../Testingground/Content/StarterContent/Textures/T_Shelf_N.uasset" 191
"../../../Testingground/Content/StarterContent/Props/Materials/M_Shelf.uasset" 192
"../../../Testingground/Content/StarterContent/Props/SM_Shelf.uasset" 193
"../../../Testingground/Content/StarterContent/Materials/M_Basic_Floor.uasset" 194
"../../../Testingground/Content/StarterContent/Props/SM_Stairs.uasset" 195
"../../../Testingground/Content/StarterContent/Shapes/Shape_Cone.uasset" 196
"../../../Testingground/Content/StarterContent/Shapes/Shape_Cylinder.uasset" 197
"../../../Testingground/Content/StarterContent/Shapes/Shape_NarrowCapsule.uasset" 198
"../../../Testingground/Content/StarterContent/Shapes/Shape_Pipe.uasset" 199
"../../../Testingground/Content/StarterContent/Shapes/Shape_Pipe_180.uasset" 200
"../../../Testingground/Content/StarterContent/Shapes/Shape_Pipe_90.uasset" 201
"../../../Testingground/Content/StarterContent/Shapes/Shape_Plane.uasset" 202
"../../../Testingground/Content/StarterContent/Shapes/Shape_Torus.uasset" 203
"../../../Testingground/Content/StarterContent/Shapes/Shape_Trim.uasset" 204
"../../../Testingground/Content/StarterContent/Shapes/Shape_Trim_90_In.uasset" 205
"../../../Testingground/Content/StarterContent/Shapes/Shape_Trim_90_Out.uasset" 206
"../../../Testingground/Content/StarterContent/Shapes/Shape_TriPyramid.uasset" 207
"../../../Testingground/Content/StarterContent/Shapes/Shape_Tube.uasset" 208
"../../../Testingground/Content/StarterContent/Shapes/Shape_Wedge_A.uasset" 209
"../../../Testingground/Content/StarterContent/Shapes/Shape_Wedge_B.uasset" 210
"../../../Testingground/Content/StarterContent/Shapes/Shape_WideCapsule.uasset" 211
"../../../Engine/Content/EditorLandscapeResources/DataLayer.uasset" 212
"../../../Engine/Content/EditorMaterials/GizmoMaterial.uasset" 213
"../../../Engine/Content/EditorMaterials/MAT_Groups_Toggle.uasset" 214
"../../../Engine/Content/EditorMaterials/MAT_Groups_Visibility.uasset" 215
"../../../Engine/Content/EditorMaterials/PreviewShadowIndicator.uasset" 216
"../../../Engine/Content/EditorMaterials/PreviewShadowIndicatorMaterial.uasset" 217
"../../../Engine/Content/EditorMaterials/MatineeGroups/MAT_ColorTrack.uasset" 218
"../../../Engine/Content/EditorMaterials/MatineeGroups/MAT_Groups_Anim.uasset" 219
"../../../Engine/Content/EditorMaterials/MatineeGroups/MAT_Groups_AudioMaster.uasset" 220
"../../../Engine/Content/EditorMaterials/MatineeGroups/MAT_Groups_Director.uasset" 221
"../../../Engine/Content/EditorMaterials/MatineeGroups/MAT_Groups_Event.uasset" 222
"../../../Engine/Content/EditorMaterials/MatineeGroups/MAT_Groups_Fade.uasset" 223
"../../../Engine/Content/EditorMaterials/MatineeGroups/MAT_Groups_Float.uasset" 224
"../../../Engine/Content/EditorMaterials/MatineeGroups/MAT_Groups_Move.uasset" 225
"../../../Engine/Content/EditorMaterials/MatineeGroups/MAT_Groups_Slomo.uasset" 226
"../../../Engine/Content/EditorMaterials/MatineeGroups/MAT_Groups_Sound.uasset" 227
"../../../Engine/Content/EditorMaterials/MatineeGroups/MAT_Groups_Vector.uasset" 228
"../../../Engine/Content/EditorMaterials/ParticleSystems/PSysThumbnail_NoImage.uasset" 229
"../../../Engine/Content/EditorMaterials/ParticleSystems/PSysThumbnail_OOD.uasset" 230
"../../../Engine/Content/EditorMaterials/Camera/CineMat.uasset" 231
"../../../Engine/Content/EditorMaterials/Camera/MI_CineMat_Rig.uasset" 232
"../../../Engine/Content/EditorMeshes/Camera/SM_CraneRig_Arm.uasset" 233
"../../../Engine/Content/EditorMeshes/Camera/SM_CraneRig_Base.uasset" 234
"../../../Engine/Content/EditorMeshes/Camera/SM_CraneRig_Body.uasset" 235
"../../../Engine/Content/EditorMeshes/Camera/SM_CraneRig_Mount.uasset" 236
"../../../Engine/Content/EditorMeshes/Camera/SM_RailRig_Mount.uasset" 237
"../../../Engine/Content/EditorMeshes/Camera/SM_RailRig_Track.uasset" 238
"../../../Engine/Content/EditorResources/BSPVertex.uasset" 239
"../../../Engine/Content/EditorResources/EmptyActor.uasset" 240
"../../../Engine/Content/EditorResources/S_Actor.uasset" 241
"../../../Engine/Content/EditorResources/S_Trigger.uasset" 242
"../../../Engine/Content/EditorResources/AudioIcons/S_AudioComponent.uasset" 243
"../../../Engine/Content/EditorResources/AudioIcons/S_AudioComponent_AutoActivate.uasset" 244
"../../../Engine/Content/EditorResources/LightIcons/S_LightError.uasset" 245
"../../../Engine/Content/EditorResources/SequenceRecorder/Countdown.uasset" 246
"../../../Engine/Content/EditorResources/SequenceRecorder/RecordingIndicator.uasset" 247
"../../../Engine/Content/EditorSounds/Notifications/CompileFailed.uasset" 248
"../../../Engine/Content/EditorSounds/Notifications/CompileFailed_Cue.uasset" 249
"../../../Engine/Content/EditorSounds/Notifications/CompileSuccess.uasset" 250
"../../../Engine/Content/EditorSounds/Notifications/CompileStart_Cue.uasset" 251
"../../../Engine/Content/EditorSounds/Notifications/CompileSuccess_Cue.uasset" 252
"../../../Engine/Content/EngineDamageTypes/DmgTypeBP_Environmental.uasset" 253
"../../../Engine/Content/EngineDebugMaterials/HeatmapGradient.uasset" 254
"../../../Engine/Content/EngineDebugMaterials/BoneWeightMaterial.uasset" 255
"../../../Engine/Content/EngineDebugMaterials/ClothMaterial.uasset" 256
"../../../Engine/Content/EngineDebugMaterials/ClothMaterial_WF.uasset" 257
"../../../Engine/Content/EngineDebugMaterials/DebugEditorMaterial.uasset" 258
"../../../Engine/Content/EngineDebugMaterials/DebugMeshMaterial.uasset" 259
"../../../Engine/Content/EngineDebugMaterials/GeomMaterial.uasset" 260
"../../../Engine/Content/EngineFonts/Faces/RobotoBold.uasset" 261
"../../../Engine/Content/EngineFonts/Faces/RobotoBoldItalic.uasset" 262
"../../../Engine/Content/EngineFonts/Faces/RobotoItalic.uasset" 263
"../../../Engine/Content/EngineFonts/Faces/RobotoLight.uasset" 264
"../../../Engine/Content/EngineFonts/Faces/RobotoRegular.uasset" 265
"../../../Engine/Content/EngineFonts/Roboto.uasset" 266
"../../../Engine/Content/EngineFonts/Faces/RobotoTiny.uasset" 267
"../../../Engine/Content/EngineFonts/RobotoTiny.uasset" 268
"../../../Engine/Content/EngineMaterials/DefaultBloomKernel.uasset" 269
"../../../Engine/Content/EngineMaterials/DefaultBokeh.uasset" 270
"../../../Engine/Content/EngineMaterials/DefaultDiffuse.uasset" 271
"../../../Engine/Content/EngineMaterials/DefaultDeferredDecalMaterial.uasset" 272
"../../../Engine/Content/EngineMaterials/DefaultLightFunctionMaterial.uasset" 273
"../../../Engine/Content/EngineMaterials/DefaultPhysicalMaterial.uasset" 274
"../../../Engine/Content/Functions/Engine_MaterialFunctions02/Utility/BreakOutFloat2Components.uasset" 275
"../../../Engine/Content/EngineMaterials/DefaultPostProcessMaterial.uasset" 276
"../../../Engine/Content/EngineFonts/RobotoDistanceField.uasset" 277
"../../../Engine/Content/EngineMaterials/DefaultTextMaterialOpaque.uasset" 278
"../../../Engine/Content/EngineMaterials/DefaultWhiteGrid.uasset" 279
"../../../Engine/Content/EngineMaterials/EditorBrushMaterial.uasset" 280
"../../../Engine/Content/EngineMaterials/MiniFont.uasset" 281
"../../../Engine/Content/EngineMaterials/InvalidLightmapSettings.uasset" 282
"../../../Engine/Content/EngineMaterials/M_InvalidLightmapSettings.uasset" 283
"../../../Engine/Content/Functions/Engine_MaterialFunctions02/WorldPositionOffset/CameraOffset.uasset" 284
"../../../Engine/Content/EngineMaterials/PhAT_JointLimitMaterial.uasset" 285
"../../../Engine/Content/EngineMaterials/PreintegratedSkinBRDF.uasset" 286
"../../../Engine/Content/EngineMaterials/RemoveSurfaceMaterial.uasset" 287
"../../../Engine/Content/EngineMaterials/WeightMapPlaceholderTexture.uasset" 288
"../../../Engine/Content/EngineResources/WhiteSquareTexture.uasset" 289
"../../../Engine/Content/EngineMaterials/Widget3DPassThrough.uasset" 290
"../../../Engine/Content/EngineMaterials/Widget3DPassThrough_Masked.uasset" 291
"../../../Engine/Content/EngineMaterials/Widget3DPassThrough_Opaque.uasset" 292
"../../../Engine/Content/EngineMaterials/Widget3DPassThrough_Masked_OneSided.uasset" 293
"../../../Engine/Content/EngineMaterials/Widget3DPassThrough_Opaque_OneSided.uasset" 294
"../../../Engine/Content/EngineMaterials/Widget3DPassThrough_Translucent.uasset" 295
"../../../Engine/Content/EngineMaterials/Widget3DPassThrough_Translucent_OneSided.uasset" 296
"../../../Engine/Content/EngineMaterials/DefaultMaterial.uasset" 297
"../../../Engine/Content/EngineMeshes/Cube.uasset" 298
"../../../Engine/Content/EngineMeshes/Cylinder.uasset" 299
"../../../Engine/Content/EngineMeshes/Sphere.uasset" 300
"../../../Engine/Content/EngineResources/Black.uasset" 301
"../../../Engine/Content/EngineResources/DefaultTexture.uasset" 302
"../../../Engine/Content/EngineResources/DefaultTextureCube.uasset" 303
"../../../Engine/Content/EngineResources/GradientTexture0.uasset" 304
"../../../Engine/Content/EngineSounds/Master.uasset" 305
"../../../Engine/Content/Functions/Engine_MaterialFunctions01/Shading/ConvertFromDiffSpec.uasset" 306
"../../../Engine/Content/Functions/Engine_MaterialFunctions01/Shading/PowerToRoughness.uasset" 307
"../../../Engine/Content/Maps/Templates/Thumbnails/Default.uasset" 308
"../../../Engine/Content/Maps/Templates/Thumbnails/VR-Basic.uasset" 309
"../../../Engine/Content/MobileResources/T_MobileControls_texture.uasset" 310
"../../../Engine/Content/MobileResources/T_MobileMenu2.uasset" 311
"../../../Engine/Content/MobileResources/HUD/AnalogHat.uasset" 312
"../../../Engine/Content/MobileResources/HUD/VirtualJoystick_Background.uasset" 313
"../../../Engine/Content/MobileResources/HUD/VirtualJoystick_Thumb.uasset" 314
"../../../Engine/Content/MobileResources/HUD/DefaultVirtualJoysticks.uasset" 315
"../../../Engine/Content/MobileResources/HUD/LeftVirtualJoystickOnly.uasset" 316
"../../../Engine/Content/MobileResources/HUD/MobileHUDButton1_off.uasset" 317
"../../../Engine/Content/MobileResources/HUD/MobileHUDButton1_on.uasset" 318
"../../../Engine/Content/MobileResources/HUD/MobileHUDButton2_off.uasset" 319
"../../../Engine/Content/MobileResources/HUD/MobileHUDButton2_on.uasset" 320
"../../../Engine/Content/MobileResources/HUD/MobileHUDButton3.uasset" 321
"../../../Engine/Content/MobileResources/HUD/MobileHUDButtonFire.uasset" 322
"../../../Engine/Content/MobileResources/HUD/MobileHUDDirectionPad.uasset" 323
"../../../Engine/Content/MobileResources/HUD/MobileHUDDirectionPad2.uasset" 324
"../../../Engine/Content/MobileResources/HUD/MobileHUDDirectionPad3.uasset" 325
"../../../Engine/Content/MobileResources/HUD/MobileHUDDirectionStick.uasset" 326
"../../../Engine/Content/MobileResources/HUD/T_Castle_ThumbstickInner.uasset" 327
"../../../Engine/Content/MobileResources/HUD/T_Castle_ThumbstickOutter.uasset" 328
"../../../Engine/Content/Tutorial/ContentIntroCurve.uasset" 329
"../../../Engine/Content/Tutorial/Basics/TutorialAssets/icon_tab_Levels_40x.uasset" 330
"../../../Engine/Content/Tutorial/BlueprintTutorials/TutorialAssets/BlueprintInterface_64x.uasset" 331
"../../../Engine/Content/Tutorial/BlueprintTutorials/TutorialAssets/BlueprintMacroLibrary_64x.uasset" 332
"../../../Engine/Content/Tutorial/BlueprintTutorials/TutorialAssets/Blueprint_64x.uasset" 333
"../../../Engine/Content/Tutorial/BlueprintTutorials/TutorialAssets/Tutorial_BP_Interface.uasset" 334
"../../../Engine/Content/Tutorial/Foliage/TutorialAssets/Foliage.uasset" 335
"../../../Engine/Content/Tutorial/Landscape/TutorialAssets/Landscape.uasset" 336
"../../../Engine/Content/Tutorial/Paper2D/TutorialAssets/Paper2DFlipbook_TutorialIcon.uasset" 337
"../../../Engine/Content/Tutorial/Paper2D/TutorialAssets/Paper2DSprite_TutorialIcon.uasset" 338
"../../../Engine/Content/Tutorial/SubEditors/TutorialAssets/icon_Editor_Preferences_General_40x.uasset" 339
"../../../Engine/Content/Tutorial/SubEditors/TutorialAssets/icon_ShowSkeletalMeshes_40x.uasset" 340
"../../../Engine/Content/Tutorial/SubEditors/TutorialAssets/TutorialMaterial.uasset" 341
"../../../Engine/Content/Tutorial/SubEditors/TutorialAssets/T_SmokeSubUV_8X8.uasset" 342
"../../../Engine/Content/Tutorial/SubEditors/TutorialAssets/T_soft_smoke.uasset" 343
"../../../Engine/Content/Tutorial/SubEditors/TutorialAssets/M_smoke_subUV_blackbody.uasset" 344
"../../../Engine/Content/Tutorial/SubEditors/TutorialAssets/TutorialParticleSystem.uasset" 345
"../../../Engine/Content/VREditor/Devices/Generic/GenericHMDMaterial.uasset" 346
"../../../Engine/Content/VREditor/Devices/Generic/GenericHMD.uasset" 347
"../../../Engine/Content/VREditor/FloatingText/LineMaterial.uasset" 348
"../../../Engine/Content/VREditor/FloatingText/JointSphere.uasset" 349
"../../../Engine/Content/VREditor/FloatingText/LineSegmentCylinder.uasset" 350
"../../../Engine/Content/VREditor/Fonts/VRText_RobotoLarge.uasset" 351
"../../../Engine/Content/VREditor/Fonts/VRTextMaterial.uasset" 352
"../../../Engine/Content/VREditor/Fonts/TranslucentVRTextMaterial.uasset" 353
"../../../Engine/Content/VREditor/LaserPointer/CursorPointer.uasset" 354
"../../../Engine/Content/VREditor/LaserPointer/VR_LaserPower_01.uasset" 355
"../../../Engine/Content/VREditor/TransformGizmo/TransformGizmoMaterial.uasset" 356
"../../../Engine/Content/VREditor/LaserPointer/HoverMaterial.uasset" 357
"../../../Engine/Content/VREditor/TransformGizmo/TranslucentTransformGizmoMaterial.uasset" 358
"../../../Engine/Content/VREditor/LaserPointer/TranslucentHoverMaterial.uasset" 359
"../../../Engine/Content/VREditor/LaserPointer/HoverMesh.uasset" 360
"../../../Engine/Content/VREditor/LaserPointer/LaserPointerMaterial.uasset" 361
"../../../Engine/Content/VREditor/LaserPointer/LaserPointerMaterialInst.uasset" 362
"../../../Engine/Content/VREditor/LaserPointer/TranslucentLaserPointerMaterialInst.uasset" 363
"../../../Engine/Content/VREditor/LaserPointer/LaserPointerMesh.uasset" 364
"../../../Engine/Content/VREditor/LaserPointer/LaserPointerMesh_End.uasset" 365
"../../../Engine/Content/VREditor/LaserPointer/LaserPointerMesh_Start.uasset" 366
"../../../Engine/Content/Functions/Engine_MaterialFunctions02/Utility/BreakOutFloat3Components.uasset" 367
"../../../Engine/Content/Functions/Engine_MaterialFunctions02/Math/Transform3x3Matrix.uasset" 368
"../../../Engine/Content/Functions/Engine_MaterialFunctions02/SplitComponents.uasset" 369
"../../../Engine/Content/Functions/Engine_MaterialFunctions02/Utility/MakeFloat3.uasset" 370
"../../../Engine/Content/VREditor/SnapGrid/SnapGridMaterial.uasset" 371
"../../../Engine/Content/VREditor/SnapGrid/SnapGridPlaneMesh.uasset" 372
"../../../Engine/Content/VREditor/Sounds/VR_teleport.uasset" 373
"../../../Engine/Content/VREditor/Sounds/UI/Click_on_Button_Cue.uasset" 374
"../../../Engine/Content/VREditor/Sounds/UI/Dockable_Window_Close.uasset" 375
"../../../Engine/Content/VREditor/Sounds/UI/Dockable_Window_Drop.uasset" 376
"../../../Engine/Content/VREditor/Sounds/UI/Dockable_Window_Open.uasset" 377
"../../../Engine/Content/VREditor/Sounds/UI/Dockable_Window_Pick_Up.uasset" 378
"../../../Engine/Content/VREditor/Sounds/UI/Drop_Item_From_ContentBrowser.uasset" 379
"../../../Engine/Content/VREditor/Sounds/UI/Floating_UI_Open-001.uasset" 380
"../../../Engine/Content/VREditor/Sounds/UI/Gizmo_Handle_Clicked.uasset" 381
"../../../Engine/Content/VREditor/Sounds/UI/Object_PickUp.uasset" 382
"../../../Engine/Content/VREditor/Sounds/UI/Object_Snaps_To_Another_Actor.uasset" 383
"../../../Engine/Content/VREditor/Sounds/UI/Object_Snaps_To_Grid.uasset" 384
"../../../Engine/Content/VREditor/Sounds/UI/Radial_Menu_FadeOut.uasset" 385
"../../../Engine/Content/VREditor/Sounds/UI/Scaling_Down.uasset" 386
"../../../Engine/Content/VREditor/Sounds/UI/Scaling_Up.uasset" 387
"../../../Engine/Content/VREditor/Sounds/UI/Selection_Changes.uasset" 388
"../../../Engine/Content/VREditor/Sounds/UI/Teleport_Mode_Entered.uasset" 389
"../../../Engine/Content/VREditor/Teleport/TeleportDirectionMaterial.uasset" 390
"../../../Engine/Content/VREditor/Teleport/TeleportDirectionMaterial_Inst.uasset" 391
"../../../Engine/Content/VREditor/Teleport/TeleportDirectionMesh.uasset" 392
"../../../Engine/Content/VREditor/TransformGizmo/BoundingBoxCorner.uasset" 393
"../../../Engine/Content/VREditor/TransformGizmo/BoundingBoxEdge.uasset" 394
"../../../Engine/Content/VREditor/TransformGizmo/PlaneTranslationHandle.uasset" 395
"../../../Engine/Content/VREditor/TransformGizmo/RotationHandleFull.uasset" 396
"../../../Engine/Content/VREditor/TransformGizmo/RotationHandleIndicator.uasset" 397
"../../../Engine/Content/VREditor/TransformGizmo/RotationHandleQuarter.uasset" 398
"../../../Engine/Content/VREditor/TransformGizmo/Main.uasset" 399
"../../../Engine/Content/VREditor/TransformGizmo/Xray.uasset" 400
"../../../Engine/Content/VREditor/TransformGizmo/SM_Dialog_Close.uasset" 401
"../../../Engine/Content/VREditor/TransformGizmo/SM_Dialog_Move.uasset" 402
"../../../Engine/Content/VREditor/TransformGizmo/SM_Sequencer_Key.uasset" 403
"../../../Engine/Content/VREditor/TransformGizmo/SM_Sequencer_Node.uasset" 404
"../../../Engine/Content/VREditor/TransformGizmo/StartRotationHandleIndicator.uasset" 405
"../../../Engine/Content/VREditor/TransformGizmo/TranslucentTransformGizmoMaterial_Inst.uasset" 406
"../../../Engine/Content/VREditor/TransformGizmo/TransformGizmoFreeRotation.uasset" 407
"../../../Engine/Content/VREditor/TransformGizmo/TransformGizmoMaterial_Inst.uasset" 408
"../../../Engine/Content/VREditor/TransformGizmo/TranslateArrowHandle.uasset" 409
"../../../Engine/Content/VREditor/TransformGizmo/UniformScaleHandle.uasset" 410
"../../../Engine/Content/VREditor/UI/KeyDiskMaterial.uasset" 411
"../../../Engine/Content/VREditor/UI/DiscMaterial.uasset" 412
"../../../Engine/Content/VREditor/UI/SM_Radial_Disk.uasset" 413
"../../../Engine/Content/VREditor/WorldMovementGrid/SimpleGrid.uasset" 414
"../../../Engine/Content/VREditor/WorldMovementGrid/GridMaterial.uasset" 415
"../../../Engine/Content/Functions/Engine_MaterialFunctions01/Density/ExponentialDensity.uasset" 416
"../../../Engine/Content/VREditor/WorldMovementGrid/GridPostProcess.uasset" 417
"../../../Engine/Content/EditorLandscapeResources/FlattenHeightMat.uasset" 418
"../../../Engine/Content/VREditor/WorldMovementGrid/PlaneMesh.uasset" 419
"../../../Engine/Plugins/2D/Paper2D/Content/PlaceholderTextures/DummySpriteTexture.uasset" 420
"../../../Engine/Plugins/2D/Paper2D/Content/DummySprite.uasset" 421
"../../../Engine/Plugins/2D/Paper2D/Content/DefaultPaperTerrainMaterial.uasset" 422
"../../../Engine/Plugins/2D/Paper2D/Content/DefaultSpriteMaterial.uasset" 423
"../../../Engine/Plugins/2D/Paper2D/Content/MaskedUnlitSpriteMaterial.uasset" 424
"../../../Engine/Plugins/2D/Paper2D/Content/OpaqueUnlitSpriteMaterial.uasset" 425
"../../../Engine/Plugins/Media/MediaCompositing/Content/DefaultMediaPlaneMaterial.uasset" 426
"../../../Engine/Content/Functions/Engine_MaterialFunctions02/Utility/MakeFloat4.uasset" 427
"../../../Engine/Plugins/Runtime/AppleARKit/Content/ARKitCameraMaterial.uasset" 428
"../../../Engine/Plugins/Runtime/Oculus/OculusVR/Content/Textures/GearVRController_AO.uasset" 429
"../../../Engine/Plugins/Runtime/Oculus/OculusVR/Content/Textures/GearVRController_Color.uasset" 430
"../../../Engine/Plugins/Runtime/Oculus/OculusVR/Content/Textures/GearVRController_Normal.uasset" 431
"../../../Engine/Plugins/Runtime/Oculus/OculusVR/Content/Materials/GearVRControllerMaterial.uasset" 432
"../../../Engine/Plugins/Runtime/Oculus/OculusVR/Content/Meshes/GearVrController.uasset" 433
"../../../Testingground/Content/StarterContent/Blueprints/Assets/FogBrightnessLUT.uasset" 434
"../../../Testingground/Content/StarterContent/Blueprints/Assets/SunlightColorLUT.uasset" 435
"../../../Testingground/Content/StarterContent/Blueprints/Assets/M_LightStage_Arrows.uasset" 436
"../../../Engine/Content/MapTemplates/Sky/DaylightAmbientCubemap.uasset" 437
"../../../Testingground/Content/StarterContent/Blueprints/Assets/M_LightStage_Skybox_Master.uasset" 438
"../../../Testingground/Content/StarterContent/Blueprints/Assets/M_LightStage_Skybox_Black.uasset" 439
"../../../Testingground/Content/StarterContent/Blueprints/Assets/M_LightStage_Skybox_HDRI.uasset" 440
"../../../Engine/Content/EditorMaterials/Thumbnails/SkySphereMaterial.uasset" 441
"../../../Testingground/Content/StarterContent/Blueprints/Assets/Skybox.uasset" 442
"../../../Testingground/Content/StarterContent/Blueprints/Assets/SM_Arrows.uasset" 443
"../../../Testingground/Content/StarterContent/HDRI/HDRI_Epic_Courtyard_Daylight.uasset" 444
"../../../Testingground/Content/StarterContent/Blueprints/BP_LightStudio.uasset" 445
"../../../Testingground/Content/Maps/Advanced_Lighting_BuiltData.uasset" 446
"../../../Testingground/Content/StarterContent/Materials/M_AssetPlatform.uasset" 447
"../../../Engine/Content/EditorMeshes/ColorCalibrator/M_ChromeBall.uasset" 448
"../../../Engine/Content/EditorMeshes/ColorCalibrator/M_ClearCoat.uasset" 449
"../../../Engine/Content/EditorMeshes/ColorCalibrator/M_ClearCoatBlack.uasset" 450
"../../../Engine/Content/EditorMeshes/ColorCalibrator/Color_checker.uasset" 451
"../../../Engine/Content/EditorMeshes/ColorCalibrator/M_ColorGrid.uasset" 452
"../../../Engine/Content/EditorMeshes/ColorCalibrator/M_GreyBall.uasset" 453
"../../../Engine/Content/EditorMeshes/ColorCalibrator/SM_ColorCalibrator.uasset" 454
"../../../Testingground/Content/StarterContent/Architecture/SM_AssetPlatform.uasset" 455
"../../../Testingground/Content/Maps/Advanced_Lighting.umap" 456
"../../../Engine/Content/EditorBlueprintResources/StandardMacros.uasset" 457
"../../../Engine/Content/EngineSky/C_Sky_Cloud_Color.uasset" 458
"../../../Engine/Content/EngineSky/C_Sky_Horizon_Color.uasset" 459
"../../../Engine/Content/EngineSky/C_Sky_Zenith_Color.uasset" 460
"../../../Engine/Content/EngineSky/T_Sky_Blue.uasset" 461
"../../../Engine/Content/EngineSky/T_Sky_Clouds_M.uasset" 462
"../../../Engine/Content/EngineSky/T_Sky_Stars.uasset" 463
"../../../Engine/Content/EngineSky/M_Sky_Panning_Clouds2.uasset" 464
"../../../Engine/Content/EngineSky/SM_SkySphere.uasset" 465
"../../../Engine/Content/EngineSky/BP_Sky_Sphere.uasset" 466
"../../../Testingground/Content/Blueprints/FrostedGlass.uasset" 467
"../../../Testingground/Content/VirtualReality/Mannequin/Animations/MannequinHand_Right_CanGrab.uasset" 468
"../../../Testingground/Content/VirtualReality/Mannequin/Animations/MannequinHand_Right_Grab.uasset" 469
"../../../Testingground/Content/VirtualReality/Mannequin/Animations/MannequinHand_Right_Open.uasset" 470
"../../../Testingground/Content/VirtualReality/Mannequin/Animations/RightGrip_BS.uasset" 471
"../../../Testingground/Content/VirtualRealityBP/Blueprints/GripEnum.uasset" 472
"../../../Testingground/Content/VirtualReality/Mannequin/Animations/RightHand_AnimBP.uasset" 473
"../../../Testingground/Content/VirtualRealityBP/Blueprints/MotionControllerHaptics.uasset" 474
"../../../Engine/Content/Functions/Engine_MaterialFunctions01/Texturing/ScaleUVsByCenter.uasset" 475
"../../../Engine/Content/Functions/Engine_MaterialFunctions02/ScreenResolution.uasset" 476
"../../../Engine/Content/Functions/Engine_MaterialFunctions02/Texturing/ScreenAlignedUVs.uasset" 477
"../../../Engine/Content/Functions/Engine_MaterialFunctions02/Utility/CameraDirectionVector.uasset" 478
"../../../Engine/Content/Functions/Engine_MaterialFunctions02/Utility/DepthFromWorldPosition.uasset" 479
"../../../Testingground/Content/VirtualReality/Materials/MF_OccludedPixels.uasset" 480
"../../../Testingground/Content/VirtualReality/Materials/TeleportMCP.uasset" 481
"../../../Engine/Content/EngineMaterials/Good64x64TilingNoiseHighFreq.uasset" 482
"../../../Testingground/Content/VirtualReality/Materials/M_ArcEndpoint.uasset" 483
"../../../Testingground/Content/VirtualReality/Materials/M_SplineArcMat.uasset" 484
"../../../Testingground/Content/VirtualReality/Materials/M_TeleportPreviews.uasset" 485
"../../../Testingground/Content/VirtualReality/Materials/MI_ChaperoneOutline.uasset" 486
"../../../Testingground/Content/VirtualReality/Materials/MI_TeleportCylinderPreview.uasset" 487
"../../../Engine/Content/BasicShapes/Cylinder.uasset" 488
"../../../Engine/Content/BasicShapes/Sphere.uasset" 489
"../../../Testingground/Content/VirtualReality/Meshes/1x1_cube.uasset" 490
"../../../Testingground/Content/VirtualReality/Meshes/BeaconDirection.uasset" 491
"../../../Testingground/Content/VirtualReality/Meshes/BeamMesh.uasset" 492
"../../../Testingground/Content/VirtualReality/Meshes/SM_FatCylinder.uasset" 493
"../../../Testingground/Content/VirtualRealityBP/Blueprints/BP_MotionController.uasset" 494
"../../../Testingground/Content/VirtualRealityBP/Blueprints/MotionControllerPawn.uasset" 495
"../../../Testingground/Content/Maps/Hubben_BuiltData.uasset" 496
"../../../Testingground/Content/StarterContent/Materials/M_Metal_Brushed_Nickel.uasset" 497
"../../../Testingground/Content/StarterContent/Textures/T_Metal_Aluminum_D.uasset" 498
"../../../Testingground/Content/StarterContent/Textures/T_Metal_Gold_N.uasset" 499
"../../../Testingground/Content/StarterContent/Materials/M_Metal_Burnished_Steel.uasset" 500
"../../../Testingground/Content/StarterContent/Textures/T_Metal_Copper_D.uasset" 501
"../../../Testingground/Content/StarterContent/Materials/M_Metal_Copper.uasset" 502
"../../../Testingground/Content/StarterContent/Textures/T_Perlin_Noise_M.uasset" 503
"../../../Testingground/Content/StarterContent/Textures/T_Rock_Slate_D.uasset" 504
"../../../Testingground/Content/StarterContent/Textures/T_Rock_Slate_N.uasset" 505
"../../../Testingground/Content/StarterContent/Materials/M_Rock_Slate.uasset" 506
"../../../Engine/Content/Functions/Engine_MaterialFunctions01/Opacity/AlphaOffset.uasset" 507
"../../../Testingground/Content/StarterContent/Textures/T_Wood_Floor_Walnut_D.uasset" 508
"../../../Testingground/Content/StarterContent/Textures/T_Wood_Floor_Walnut_M.uasset" 509
"../../../Testingground/Content/StarterContent/Textures/T_Wood_Floor_Walnut_N.uasset" 510
"../../../Testingground/Content/StarterContent/Materials/M_Wood_Floor_Walnut_Worn.uasset" 511
"../../../Testingground/Content/StarterContent/Textures/T_Statue_M.uasset" 512
"../../../Testingground/Content/StarterContent/Textures/T_Statue_N.uasset" 513
"../../../Testingground/Content/StarterContent/Props/Materials/M_StatueGlass.uasset" 514
"../../../Engine/Content/BasicShapes/Plane.uasset" 515
"../../../Testingground/Content/M_Chair.uasset" 516
"../../../Testingground/Content/M_UE4Man_Body.uasset" 517
"../../../Testingground/Content/M_UE4Man_ChestLogo.uasset" 518
"../../../Testingground/Content/Observant.uasset" 519
"../../../Testingground/Content/StarterContent/Architecture/Floor_400x400.uasset" 520
"../../../Testingground/Content/StarterContent/Architecture/Wall_400x200.uasset" 521
"../../../Testingground/Content/StarterContent/Architecture/Wall_400x400.uasset" 522
"../../../Testingground/Content/StarterContent/Architecture/Wall_Door_400x300.uasset" 523
"../../../Testingground/Content/StarterContent/Audio/Starter_Background_Cue.uasset" 524
"../../../Testingground/Content/StarterContent/Props/SM_Chair.uasset" 525
"../../../Testingground/Content/StarterContent/Props/Materials/M_Statue.uasset" 526
"../../../Testingground/Content/StarterContent/Props/SM_Statue.uasset" 527
"../../../Testingground/Content/StarterContent/Textures/T_TableRound_M.uasset" 528
"../../../Testingground/Content/StarterContent/Textures/T_TableRound_N.uasset" 529
"../../../Testingground/Content/StarterContent/Props/Materials/M_TableRound.uasset" 530
"../../../Testingground/Content/StarterContent/Props/SM_TableRound.uasset" 531
"../../../Testingground/Content/Maps/Hubben.umap" 532
"../../../Testingground/Content/VirtualReality/Materials/M_BaseMaterial.uasset" 533
"../../../Testingground/Content/VirtualReality/Materials/MI_SmallCubes.uasset" 534
"../../../Testingground/Content/Geometry/Meshes/1M_Cube.uasset" 535
"../../../Testingground/Content/VirtualRealityBP/Blueprints/BP_PickupCube.uasset" 536
"../../../Testingground/Content/VirtualReality/Materials/MI_BaseMaterial2.uasset" 537
"../../../Testingground/Content/VirtualReality/Materials/MI_BaseMaterial3.uasset" 538
"../../../Testingground/Content/Maps/MotionControllerMap.umap" 539
"../../../Engine/Content/BasicShapes/BasicShapeMaterial.uasset" 540
"../../../Testingground/Content/Blueprints/Piece1_Blueprint.uasset" 541
"../../../Testingground/Content/Content/Lantern/StingrayPBS2.uasset" 542
"../../../Testingground/Content/Content/Lantern/glass.uasset" 543
"../../../Testingground/Content/Content/Lantern/StingrayPBS1.uasset" 544
"../../../Testingground/Content/Content/Lantern/handle.uasset" 545
"../../../Testingground/Content/Content/Lantern/handle_small.uasset" 546
"../../../Testingground/Content/Content/Lantern/lantern_base.uasset" 547
"../../../Testingground/Content/Content/Lantern/lid.uasset" 548
"../../../Testingground/Content/Content/Lantern/supporting_cage.uasset" 549
"../../../Testingground/Content/Content/Lantern/FbxScene_lantern_fbx.uasset" 550
"../../../Testingground/Content/Puzzle_Decrementor.uasset" 551
"../../../Testingground/Content/Maps/PuzzleArea_BuiltData.uasset" 552
"../../../Testingground/Content/StarterContent/Textures/T_Brick_Clay_Beveled_D.uasset" 553
"../../../Testingground/Content/StarterContent/Textures/T_Brick_Clay_Beveled_M.uasset" 554
"../../../Testingground/Content/StarterContent/Textures/T_Brick_Clay_Beveled_N.uasset" 555
"../../../Testingground/Content/StarterContent/Materials/M_Brick_Clay_Beveled.uasset" 556
"../../../Testingground/Content/StarterContent/Textures/T_Ceramic_Tile_M.uasset" 557
"../../../Testingground/Content/StarterContent/Textures/T_Ceramic_Tile_N.uasset" 558
"../../../Testingground/Content/StarterContent/Textures/T_Rock_Marble_Polished_D.uasset" 559
"../../../Testingground/Content/StarterContent/Materials/M_Ceramic_Tile_Checker.uasset" 560
"../../../Testingground/Content/StarterContent/Textures/T_Concrete_Tiles_D.uasset" 561
"../../../Testingground/Content/StarterContent/Textures/T_Concrete_Tiles_M.uasset" 562
"../../../Testingground/Content/StarterContent/Textures/T_Concrete_Tiles_N.uasset" 563
"../../../Testingground/Content/StarterContent/Textures/T_Concrete_Tiles_Variation_M.uasset" 564
"../../../Testingground/Content/StarterContent/Materials/M_Concrete_Tiles.uasset" 565
"../../../Testingground/Content/Maps/PuzzleArea.umap" 566
"../../../Testingground/Content/StarterContent/Audio/Fire01_Cue.uasset" 567
"../../../Testingground/Content/StarterContent/Textures/T_Fire_SubUV.uasset" 568
"../../../Testingground/Content/StarterContent/Textures/T_Fire_Tiled_D.uasset" 569
"../../../Testingground/Content/StarterContent/Particles/Materials/M_Fire_SubUV.uasset" 570
"../../../Testingground/Content/StarterContent/Textures/T_Water_N.uasset" 571
"../../../Testingground/Content/StarterContent/Particles/Materials/M_Heat_Distortion.uasset" 572
"../../../Testingground/Content/StarterContent/Particles/Materials/M_Radial_Gradient.uasset" 573
"../../../Testingground/Content/StarterContent/Particles/P_Fire.uasset" 574
"../../../Testingground/Content/StarterContent/Blueprints/Blueprint_Effect_Fire.uasset" 575
"../../../Testingground/Content/StarterContent/Audio/Smoke01_Cue.uasset" 576
"../../../Testingground/Content/StarterContent/Particles/P_Smoke.uasset" 577
"../../../Testingground/Content/StarterContent/Blueprints/Blueprint_Effect_Smoke.uasset" 578
"../../../Testingground/Content/StarterContent/Audio/Fire_Sparks01_Cue.uasset" 579
"../../../Testingground/Content/StarterContent/Textures/T_Spark_Core.uasset" 580
"../../../Testingground/Content/StarterContent/Particles/Materials/M_Spark.uasset" 581
"../../../Testingground/Content/StarterContent/Particles/P_Sparks.uasset" 582
"../../../Testingground/Content/StarterContent/Blueprints/Blueprint_Effect_Sparks.uasset" 583
"../../../Testingground/Content/StarterContent/Audio/Steam01_Cue.uasset" 584
"../../../Testingground/Content/StarterContent/Particles/P_Steam_Lit.uasset" 585
"../../../Testingground/Content/StarterContent/Blueprints/Blueprint_Effect_Steam.uasset" 586
"../../../Testingground/Content/StarterContent/Textures/T_Lamp_M.uasset" 587
"../../../Testingground/Content/StarterContent/Textures/T_Lamp_N.uasset" 588
"../../../Testingground/Content/StarterContent/Props/Materials/M_Lamp.uasset" 589
"../../../Testingground/Content/StarterContent/Props/SM_Lamp_Ceiling.uasset" 590
"../../../Testingground/Content/StarterContent/Blueprints/Blueprint_CeilingLight.uasset" 591
"../../../Testingground/Content/StarterContent/Props/SM_Lamp_Wall.uasset" 592
"../../../Testingground/Content/StarterContent/Blueprints/Blueprint_WallSconce.uasset" 593
"../../../Testingground/Content/Maps/StarterMap_BuiltData.uasset" 594
"../../../Engine/Content/Functions/Engine_MaterialFunctions03/Procedurals/ComputeFilterWidth.uasset" 595
"../../../Engine/Content/EngineMaterials/AntiAliasedTextMaterialTranslucent.uasset" 596
"../../../Testingground/Content/StarterContent/Textures/T_Brick_Clay_New_D.uasset" 597
"../../../Testingground/Content/StarterContent/Textures/T_Brick_Clay_New_M.uasset" 598
"../../../Testingground/Content/StarterContent/Textures/T_Brick_Clay_New_N.uasset" 599
"../../../Testingground/Content/StarterContent/Materials/M_Brick_Clay_New.uasset" 600
"../../../Testingground/Content/StarterContent/Textures/T_Brick_Clay_Old_D.uasset" 601
"../../../Testingground/Content/StarterContent/Textures/T_Brick_Clay_Old_N.uasset" 602
"../../../Testingground/Content/StarterContent/Materials/M_Brick_Clay_Old.uasset" 603
"../../../Testingground/Content/StarterContent/Textures/T_Brick_Cut_Stone_D.uasset" 604
"../../../Testingground/Content/StarterContent/Textures/T_Brick_Cut_Stone_N.uasset" 605
"../../../Testingground/Content/StarterContent/Materials/M_Brick_Cut_Stone.uasset" 606
"../../../Testingground/Content/StarterContent/Textures/T_Brick_Hewn_Stone_D.uasset" 607
"../../../Testingground/Content/StarterContent/Textures/T_Brick_Hewn_Stone_M.uasset" 608
"../../../Testingground/Content/StarterContent/Textures/T_Brick_Hewn_Stone_N.uasset" 609
"../../../Testingground/Content/StarterContent/Materials/M_Brick_Hewn_Stone.uasset" 610
"../../../Testingground/Content/StarterContent/Textures/T_CobbleStone_Pebble_D.uasset" 611
"../../../Testingground/Content/StarterContent/Textures/T_CobbleStone_Pebble_M.uasset" 612
"../../../Testingground/Content/StarterContent/Textures/T_CobbleStone_Pebble_N.uasset" 613
"../../../Testingground/Content/StarterContent/Materials/M_CobbleStone_Pebble.uasset" 614
"../../../Testingground/Content/StarterContent/Textures/T_CobbleStone_Rough_D.uasset" 615
"../../../Testingground/Content/StarterContent/Textures/T_CobbleStone_Rough_N.uasset" 616
"../../../Testingground/Content/StarterContent/Textures/T_Gradinet_01.uasset" 617
"../../../Testingground/Content/StarterContent/Textures/T_Rock_Smooth_Granite_D.uasset" 618
"../../../Testingground/Content/StarterContent/Materials/M_CobbleStone_Rough.uasset" 619
"../../../Testingground/Content/StarterContent/Textures/T_CobbleStone_Smooth_D.uasset" 620
"../../../Testingground/Content/StarterContent/Textures/T_CobbleStone_Smooth_M.uasset" 621
"../../../Testingground/Content/StarterContent/Textures/T_CobbleStone_Smooth_N.uasset" 622
"../../../Testingground/Content/StarterContent/Materials/M_CobbleStone_Smooth.uasset" 623
"../../../Testingground/Content/StarterContent/Textures/T_Concrete_Grime_D.uasset" 624
"../../../Testingground/Content/StarterContent/Textures/T_Metal_Rust_N.uasset" 625
"../../../Testingground/Content/StarterContent/Materials/M_Concrete_Grime.uasset" 626
"../../../Testingground/Content/StarterContent/Textures/T_Concrete_Panels_D.uasset" 627
"../../../Testingground/Content/StarterContent/Textures/T_Concrete_Panels_N.uasset" 628
"../../../Testingground/Content/StarterContent/Materials/M_Concrete_Panels.uasset" 629
"../../../Testingground/Content/StarterContent/Textures/T_Concrete_Poured_D.uasset" 630
"../../../Testingground/Content/StarterContent/Textures/T_Concrete_Poured_N.uasset" 631
"../../../Testingground/Content/StarterContent/Materials/M_Concrete_Poured.uasset" 632
"../../../Testingground/Content/StarterContent/Textures/T_Ground_Grass_D.uasset" 633
"../../../Testingground/Content/StarterContent/Textures/T_Ground_Grass_N.uasset" 634
"../../../Testingground/Content/StarterContent/Materials/M_Ground_Grass.uasset" 635
"../../../Testingground/Content/StarterContent/Textures/T_Ground_Gravel_D.uasset" 636
"../../../Testingground/Content/StarterContent/Textures/T_Ground_Gravel_N.uasset" 637
"../../../Testingground/Content/StarterContent/Materials/M_Ground_Gravel.uasset" 638
"../../../Testingground/Content/StarterContent/Textures/T_ground_Moss_D.uasset" 639
"../../../Testingground/Content/StarterContent/Textures/T_Ground_Moss_N.uasset" 640
"../../../Testingground/Content/StarterContent/Materials/M_Ground_Moss.uasset" 641
"../../../Testingground/Content/StarterContent/Materials/M_Metal_Chrome.uasset" 642
"../../../Testingground/Content/StarterContent/Textures/T_Metal_Gold_D.uasset" 643
"../../../Testingground/Content/StarterContent/Materials/M_Metal_Gold.uasset" 644
"../../../Testingground/Content/StarterContent/Textures/T_Metal_Rust_D.uasset" 645
"../../../Testingground/Content/StarterContent/Materials/M_Metal_Rust.uasset" 646
"../../../Testingground/Content/StarterContent/Textures/T_Metal_Steel_D.uasset" 647
"../../../Testingground/Content/StarterContent/Textures/T_Metal_Steel_N.uasset" 648
"../../../Testingground/Content/StarterContent/Materials/M_Metal_Steel.uasset" 649
"../../../Testingground/Content/StarterContent/Textures/T_Rock_Basalt_N.uasset" 650
"../../../Testingground/Content/StarterContent/Materials/M_Rock_Basalt.uasset" 651
"../../../Testingground/Content/StarterContent/Materials/M_Rock_Marble_Polished.uasset" 652
"../../../Testingground/Content/StarterContent/Textures/T_Rock_Sandstone_D.uasset" 653
"../../../Testingground/Content/StarterContent/Textures/T_Rock_Sandstone_N.uasset" 654
"../../../Testingground/Content/StarterContent/Materials/M_Rock_Sandstone.uasset" 655
"../../../Testingground/Content/StarterContent/Textures/T_Checker_Noise_M.uasset" 656
"../../../Testingground/Content/StarterContent/Textures/T_Single_Tile_N.uasset" 657
"../../../Testingground/Content/StarterContent/Textures/T_Tech_Dot_M.uasset" 658
"../../../Testingground/Content/StarterContent/Textures/T_Tech_Dot_N.uasset" 659
"../../../Testingground/Content/StarterContent/Materials/M_Tech_Checker_Dot.uasset" 660
"../../../Testingground/Content/StarterContent/Textures/T_Tech_Hex_Tile_M.uasset" 661
"../../../Testingground/Content/StarterContent/Textures/T_Tech_Hex_Tile_N.uasset" 662
"../../../Testingground/Content/StarterContent/Materials/M_Tech_Hex_Tile.uasset" 663
"../../../Testingground/Content/StarterContent/Materials/M_Tech_Hex_Tile_Pulse.uasset" 664
"../../../Testingground/Content/StarterContent/Textures/T_Tech_Panel_M.uasset" 665
"../../../Testingground/Content/StarterContent/Textures/T_Tech_Panel_N.uasset" 666
"../../../Testingground/Content/StarterContent/Materials/M_Tech_Panel.uasset" 667
"../../../Testingground/Content/StarterContent/Materials/M_Water_Lake.uasset" 668
"../../../Testingground/Content/StarterContent/Textures/T_Water_M.uasset" 669
"../../../Testingground/Content/StarterContent/Materials/M_Water_Ocean.uasset" 670
"../../../Testingground/Content/StarterContent/Materials/M_Wood_Floor_Walnut_Polished.uasset" 671
"../../../Testingground/Content/StarterContent/Textures/T_Wood_Oak_D.uasset" 672
"../../../Testingground/Content/StarterContent/Textures/T_Wood_Oak_N.uasset" 673
"../../../Testingground/Content/StarterContent/Materials/M_Wood_Oak.uasset" 674
"../../../Testingground/Content/StarterContent/Textures/T_Wood_Pine_D.uasset" 675
"../../../Testingground/Content/StarterContent/Textures/T_Wood_Pine_N.uasset" 676
"../../../Testingground/Content/StarterContent/Materials/M_Wood_Pine.uasset" 677
"../../../Testingground/Content/StarterContent/Architecture/Wall_Window_400x300.uasset" 678
"../../../Testingground/Content/StarterContent/Audio/Collapse_Cue.uasset" 679
"../../../Testingground/Content/StarterContent/Audio/Starter_Music_Cue.uasset" 680
"../../../Testingground/Content/StarterContent/Textures/T_Dust_Particle_D.uasset" 681
"../../../Testingground/Content/StarterContent/Particles/Materials/M_Dust_Particle.uasset" 682
"../../../Testingground/Content/StarterContent/Particles/P_Ambient_Dust.uasset" 683
"../../../Testingground/Content/StarterContent/Props/MaterialSphere.uasset" 684
"../../../Testingground/Content/StarterContent/Textures/T_Frame_M.uasset" 685
"../../../Testingground/Content/StarterContent/Textures/T_Frame_N.uasset" 686
"../../../Testingground/Content/StarterContent/Props/Materials/M_Frame.uasset" 687
"../../../Testingground/Content/StarterContent/Props/SM_CornerFrame.uasset" 688
"../../../Testingground/Content/StarterContent/Props/SM_DoorFrame.uasset" 689
"../../../Testingground/Content/StarterContent/Props/SM_GlassWindow.uasset" 690
"../../../Testingground/Content/StarterContent/Props/SM_PillarFrame.uasset" 691
"../../../Testingground/Content/StarterContent/Props/SM_PillarFrame300.uasset" 692
"../../../Testingground/Content/StarterContent/Props/SM_WindowFrame.uasset" 693
"../../../Testingground/Content/StarterContent/Shapes/Shape_Cube.uasset" 694
"../../../Testingground/Content/StarterContent/Shapes/Shape_QuadPyramid.uasset" 695
"../../../Testingground/Content/StarterContent/Shapes/Shape_Sphere.uasset" 696
"../../../Testingground/Content/Maps/StarterMap.umap" 697
"../../../Testingground/Content/Sphere_Blueprint.uasset" 698
"../../../Testingground/Content/Tivoli_Decrementor.uasset" 699
"../../../Testingground/Content/Maps/Tivoli_BuiltData.uasset" 700
"../../../Testingground/Content/Content/Lantern/textures/lantern_Base_Color.uasset" 701
"../../../Testingground/Content/Content/Lantern/textures/LanternBase.uasset" 702
"../../../Engine/Content/BasicShapes/Cone.uasset" 703
"../../../Testingground/Content/Maps/Tivoli.umap" 704
"../../../Testingground/Content/AnimStarterPack/Crouch_Idle_Rifle_Hip.uasset" 705
"../../../Testingground/Content/AnimStarterPack/Crouch_Idle_Rifle_Ironsights.uasset" 706
"../../../Testingground/Content/AnimStarterPack/Crouch_Walk_Fwd_Rifle_Ironsights.uasset" 707
"../../../Testingground/Content/AnimStarterPack/Equip_Pistol_Standing.uasset" 708
"../../../Testingground/Content/AnimStarterPack/Fire_Rifle_Ironsights.uasset" 709
"../../../Testingground/Content/AnimStarterPack/Hit_React_1.uasset" 710
"../../../Testingground/Content/AnimStarterPack/Hit_React_2.uasset" 711
"../../../Testingground/Content/AnimStarterPack/Hit_React_3.uasset" 712
"../../../Testingground/Content/AnimStarterPack/Idle_Rifle_Hip_Break1.uasset" 713
"../../../Testingground/Content/AnimStarterPack/Idle_Rifle_Hip_Break2.uasset" 714
"../../../Testingground/Content/AnimStarterPack/Reload_Rifle_Hip.uasset" 715
"../../../Testingground/Content/AnimStarterPack/Walk_Fwd_Rifle_Ironsights.uasset" 716
"../../../Engine/Content/TemplateResources/M_Template_Master.uasset" 717
"../../../Engine/Content/TemplateResources/MI_Template_BaseGray_03_Metal.uasset" 718
"../../../Testingground/Content/AnimStarterPack/UE4_Mannequin/Mesh/SK_Mannequin.uasset" 719
"../../../Testingground/Content/AnimStarterPack/Showcase.umap" 720
"../../../Testingground/Content/VirtualRealityBP/Blueprints/HMDLocomotionPawn.uasset" 721
"../../../Testingground/Content/VirtualRealityBP/Maps/HMDLocomotionMap_BuiltData.uasset" 722
"../../../Testingground/Content/VirtualRealityBP/Maps/HMDLocomotionMap.umap" 723
"../../../Testingground/Content/VirtualRealityBP/Maps/MotionControllerMap_BuiltData.uasset" 724
"../../../Testingground/Content/VirtualRealityBP/Maps/MotionControllerMap.umap" 725
"../../../Testingground/Content/VirtualRealityBP/Maps/StartupMap_BuiltData.uasset" 726
"../../../Testingground/Content/VirtualReality/Materials/GenericHMDMaterial.uasset" 727
"../../../Testingground/Content/VirtualReality/Meshes/GenericHMD.uasset" 728
"../../../Testingground/Content/VirtualRealityBP/Maps/StartupMap.umap" 729
"../../../Engine/Content/Maps/Entry.umap" 730
